{'http://fr.dbpedia.org/resource/.tr': 1,
 'http://fr.dbpedia.org/resource/2009_aux_États-Unis': 1,
 'http://fr.dbpedia.org/resource/2017': 4,
 'http://fr.dbpedia.org/resource/3G': 2,
 'http://fr.dbpedia.org/resource/4G': 3,
 'http://fr.dbpedia.org/resource/60_Millions_de_consommateurs': 1,
 'http://fr.dbpedia.org/resource/ADMR': 1,
 'http://fr.dbpedia.org/resource/ADSL': 3,
 'http://fr.dbpedia.org/resource/Aberrant': 2,
 'http://fr.dbpedia.org/resource/Abstention': 1,
 'http://fr.dbpedia.org/resource/Abstinence_sexuelle': 1,
 'http://fr.dbpedia.org/resource/Abus_de_confiance': 1,
 'http://fr.dbpedia.org/resource/Abus_de_position_dominante': 2,
 'http://fr.dbpedia.org/resource/Académie_française': 1,
 'http://fr.dbpedia.org/resource/Accessibilité_numérique': 2,
 'http://fr.dbpedia.org/resource/Acculturation': 1,
 'http://fr.dbpedia.org/resource/Accès_mobile_à_Internet': 2,
 'http://fr.dbpedia.org/resource/Accès_privé': 1,
 'http://fr.dbpedia.org/resource/Acharnement_thérapeutique': 1,
 'http://fr.dbpedia.org/resource/Acide_désoxyribonucléique': 3,
 'http://fr.dbpedia.org/resource/Actes_de_congrès': 4,
 'http://fr.dbpedia.org/resource/Acteur': 15,
 'http://fr.dbpedia.org/resource/Action_Message_Format': 1,
 'http://fr.dbpedia.org/resource/Action_collective_(sociologie)': 1,
 'http://fr.dbpedia.org/resource/Action_sociale': 4,
 'http://fr.dbpedia.org/resource/Activité_principale_exercée': 2,
 'http://fr.dbpedia.org/resource/Administrateur_système': 1,
 'http://fr.dbpedia.org/resource/Administration_fiscale': 2,
 'http://fr.dbpedia.org/resource/Administration_publique': 5,
 'http://fr.dbpedia.org/resource/Administration_publique_française': 1,
 'http://fr.dbpedia.org/resource/Administration_territoriale': 27,
 'http://fr.dbpedia.org/resource/Administration_électronique': 2,
 'http://fr.dbpedia.org/resource/Adobe_Acrobat': 2,
 'http://fr.dbpedia.org/resource/Adresse_électronique': 3,
 'http://fr.dbpedia.org/resource/Afnor_Certification': 1,
 'http://fr.dbpedia.org/resource/Afrique_centrale': 1,
 "http://fr.dbpedia.org/resource/Agence_internationale_de_l'énergie": 1,
 'http://fr.dbpedia.org/resource/Agence_nationale_de_la_recherche': 2,
 "http://fr.dbpedia.org/resource/Agence_nationale_de_sécurité_sanitaire_de_l'alimentation,_de_l'environnement_et_du_travail": 1,
 'http://fr.dbpedia.org/resource/Agora': 1,
 "http://fr.dbpedia.org/resource/Agrément_«_Entreprise_solidaire_d'utilité_sociale_»": 3,
 'http://fr.dbpedia.org/resource/Aillant-sur-Milleron': 1,
 'http://fr.dbpedia.org/resource/Aille_(rivière)': 1,
 'http://fr.dbpedia.org/resource/Aire_de_repos_et_de_service_autoroutière': 1,
 'http://fr.dbpedia.org/resource/Algorithme': 5,
 'http://fr.dbpedia.org/resource/Algorithme_de_tri': 1,
 'http://fr.dbpedia.org/resource/Algorithmique': 2,
 'http://fr.dbpedia.org/resource/Allemagne': 4,
 'http://fr.dbpedia.org/resource/Allocations_familiales': 2,
 'http://fr.dbpedia.org/resource/Alphabet_latin': 1,
 'http://fr.dbpedia.org/resource/Alternatives_économiques': 1,
 'http://fr.dbpedia.org/resource/Amazon': 2,
 'http://fr.dbpedia.org/resource/Amortissement_comptable': 1,
 'http://fr.dbpedia.org/resource/Amorçage_(chimie)': 1,
 'http://fr.dbpedia.org/resource/Aménagement_numérique': 7,
 'http://fr.dbpedia.org/resource/Analyse_financière': 1,
 'http://fr.dbpedia.org/resource/Android': 2,
 'http://fr.dbpedia.org/resource/Anglais': 6,
 'http://fr.dbpedia.org/resource/Angleterre': 1,
 'http://fr.dbpedia.org/resource/Annonce_légale': 1,
 'http://fr.dbpedia.org/resource/Annuaire_inversé': 1,
 'http://fr.dbpedia.org/resource/Anonymisation': 5,
 'http://fr.dbpedia.org/resource/Antenne-relais': 3,
 'http://fr.dbpedia.org/resource/App_Store': 1,
 'http://fr.dbpedia.org/resource/Apple': 7,
 'http://fr.dbpedia.org/resource/Applet': 1,
 'http://fr.dbpedia.org/resource/Application_web': 1,
 'http://fr.dbpedia.org/resource/ArXiv': 2,
 'http://fr.dbpedia.org/resource/Arborescence': 1,
 'http://fr.dbpedia.org/resource/Archives_publiques_en_France': 4,
 'http://fr.dbpedia.org/resource/Art_numérique': 2,
 'http://fr.dbpedia.org/resource/Article_11': 2,
 'http://fr.dbpedia.org/resource/Article_34_de_la_Constitution_de_la_Cinquième_République_française': 2,
 'http://fr.dbpedia.org/resource/Article_49_de_la_Constitution_de_la_Cinquième_République_française': 1,
 'http://fr.dbpedia.org/resource/Article_74_de_la_Constitution_de_la_Cinquième_République_française': 1,
 'http://fr.dbpedia.org/resource/Article_75-1_de_la_Constitution_de_la_Cinquième_République_française': 1,
 'http://fr.dbpedia.org/resource/Asahi_Shinbun': 1,
 'http://fr.dbpedia.org/resource/Asie': 1,
 'http://fr.dbpedia.org/resource/Assainissement': 3,
 'http://fr.dbpedia.org/resource/Assemblée_nationale_(France)': 1,
 'http://fr.dbpedia.org/resource/Association_Henri_Capitant_des_amis_de_la_culture_juridique_française': 1,
 'http://fr.dbpedia.org/resource/Association_de_consommateurs': 1,
 'http://fr.dbpedia.org/resource/Association_des_développeurs_et_utilisateurs_de_logiciels_libres_pour_les_administrations_et_les_collectivités_territoriales': 1,
 'http://fr.dbpedia.org/resource/Association_francophone_des_utilisateurs_de_logiciels_libres': 2,
 'http://fr.dbpedia.org/resource/Association_française_de_normalisation': 4,
 'http://fr.dbpedia.org/resource/Assurance': 4,
 'http://fr.dbpedia.org/resource/Assurance-vie': 1,
 'http://fr.dbpedia.org/resource/Assurance_habitation': 1,
 'http://fr.dbpedia.org/resource/Assurance_maladie': 3,
 'http://fr.dbpedia.org/resource/Attentats_du_13_novembre_2015_en_France': 1,
 'http://fr.dbpedia.org/resource/Audio_Video_Interleave': 1,
 'http://fr.dbpedia.org/resource/Audiodescription': 1,
 'http://fr.dbpedia.org/resource/Audiovisuel': 3,
 'http://fr.dbpedia.org/resource/Audit': 6,
 'http://fr.dbpedia.org/resource/Aurions': 1,
 'http://fr.dbpedia.org/resource/Auros': 1,
 'http://fr.dbpedia.org/resource/Australie': 1,
 'http://fr.dbpedia.org/resource/Authentification': 11,
 'http://fr.dbpedia.org/resource/Authentification_forte': 1,
 'http://fr.dbpedia.org/resource/Authentification_simple': 1,
 'http://fr.dbpedia.org/resource/Auto-hébergement_(Internet)': 1,
 'http://fr.dbpedia.org/resource/AutoCAD': 1,
 'http://fr.dbpedia.org/resource/Autorité_de_certification': 3,
 'http://fr.dbpedia.org/resource/Autorité_de_régulation_des_communications_électroniques,_des_postes_et_de_la_distribution_de_la_presse': 6,
 'http://fr.dbpedia.org/resource/Autorité_européenne_de_sécurité_des_aliments': 1,
 'http://fr.dbpedia.org/resource/Autorité_parentale': 1,
 'http://fr.dbpedia.org/resource/Axelle_Lemaire': 7,
 'http://fr.dbpedia.org/resource/BPI_Group': 1,
 'http://fr.dbpedia.org/resource/Badoo': 1,
 "http://fr.dbpedia.org/resource/Baldur's_Gate": 1,
 'http://fr.dbpedia.org/resource/Banque': 12,
 'http://fr.dbpedia.org/resource/Banque_Worms': 1,
 'http://fr.dbpedia.org/resource/Banque_centrale_européenne': 1,
 'http://fr.dbpedia.org/resource/Base_Mérimée': 1,
 'http://fr.dbpedia.org/resource/Base_adresse_nationale': 1,
 'http://fr.dbpedia.org/resource/Base_antarctique_Concordia': 1,
 'http://fr.dbpedia.org/resource/Basque': 1,
 'http://fr.dbpedia.org/resource/Bataille_du_Chemin_des_Dames': 1,
 "http://fr.dbpedia.org/resource/Batterie_d'accumulateurs": 2,
 'http://fr.dbpedia.org/resource/Bcrypt': 1,
 'http://fr.dbpedia.org/resource/Belgique': 2,
 'http://fr.dbpedia.org/resource/Belote': 1,
 'http://fr.dbpedia.org/resource/Bible': 1,
 'http://fr.dbpedia.org/resource/Bibliobus': 1,
 'http://fr.dbpedia.org/resource/Bibliothèque': 5,
 'http://fr.dbpedia.org/resource/Bibliothèque_nationale_de_France': 2,
 'http://fr.dbpedia.org/resource/Bibliothèque_publique': 2,
 'http://fr.dbpedia.org/resource/Bien_public': 2,
 'http://fr.dbpedia.org/resource/Biens_non_publics': 1,
 'http://fr.dbpedia.org/resource/Bientraitance': 1,
 'http://fr.dbpedia.org/resource/Big_data': 9,
 'http://fr.dbpedia.org/resource/Biologie': 2,
 'http://fr.dbpedia.org/resource/Biométrie': 2,
 'http://fr.dbpedia.org/resource/Biostatistique': 3,
 'http://fr.dbpedia.org/resource/Bitcoin': 3,
 'http://fr.dbpedia.org/resource/Blockchain': 2,
 'http://fr.dbpedia.org/resource/Bloqués': 1,
 'http://fr.dbpedia.org/resource/Bluetooth': 2,
 'http://fr.dbpedia.org/resource/Bordeaux_Métropole': 1,
 'http://fr.dbpedia.org/resource/Boston': 1,
 'http://fr.dbpedia.org/resource/Bouche_de_métro': 1,
 'http://fr.dbpedia.org/resource/Boucle_locale': 1,
 'http://fr.dbpedia.org/resource/Bougie': 1,
 'http://fr.dbpedia.org/resource/Boulet': 1,
 'http://fr.dbpedia.org/resource/Bourse_de_Paris': 1,
 'http://fr.dbpedia.org/resource/Bouygues_Telecom': 1,
 'http://fr.dbpedia.org/resource/Bpost': 2,
 'http://fr.dbpedia.org/resource/Braille': 1,
 'http://fr.dbpedia.org/resource/Bretagne': 1,
 'http://fr.dbpedia.org/resource/Breton': 1,
 'http://fr.dbpedia.org/resource/Brevet_de_technicien_supérieur_-_Services_informatiques_aux_organisations': 1,
 'http://fr.dbpedia.org/resource/British_Broadcasting_Corporation': 1,
 'http://fr.dbpedia.org/resource/Bruno_Cohen': 1,
 'http://fr.dbpedia.org/resource/Business_to_business': 1,
 'http://fr.dbpedia.org/resource/Béarn': 1,
 'http://fr.dbpedia.org/resource/Béarnais': 1,
 'http://fr.dbpedia.org/resource/CCAS': 1,
 'http://fr.dbpedia.org/resource/CD-ROM': 1,
 'http://fr.dbpedia.org/resource/CPAM': 1,
 'http://fr.dbpedia.org/resource/CQFD_(modèle)': 2,
 'http://fr.dbpedia.org/resource/C_Intermediate_Language': 2,
 "http://fr.dbpedia.org/resource/Cadre_d'emplois": 1,
 'http://fr.dbpedia.org/resource/Caisse_nationale_des_allocations_familiales': 1,
 'http://fr.dbpedia.org/resource/Calorie': 15,
 'http://fr.dbpedia.org/resource/Canada': 2,
 'http://fr.dbpedia.org/resource/Canal_du_Midi': 1,
 'http://fr.dbpedia.org/resource/Capital_immatériel': 1,
 'http://fr.dbpedia.org/resource/Capitalisme': 1,
 'http://fr.dbpedia.org/resource/Cardiologie': 1,
 'http://fr.dbpedia.org/resource/Carte_SD': 1,
 'http://fr.dbpedia.org/resource/Carte_Vitale': 1,
 'http://fr.dbpedia.org/resource/Carte_de_paiement': 10,
 'http://fr.dbpedia.org/resource/Carte_à_puce': 2,
 'http://fr.dbpedia.org/resource/Cee': 1,
 'http://fr.dbpedia.org/resource/Centre_de_données': 1,
 'http://fr.dbpedia.org/resource/Centre_des_archives_du_féminisme': 1,
 'http://fr.dbpedia.org/resource/Centre_du_commerce_international': 1,
 'http://fr.dbpedia.org/resource/Centre_national_de_la_recherche_scientifique': 6,
 "http://fr.dbpedia.org/resource/Certificat_d'immatriculation": 1,
 'http://fr.dbpedia.org/resource/Certificat_de_type': 1,
 'http://fr.dbpedia.org/resource/Certificat_électronique': 1,
 'http://fr.dbpedia.org/resource/Cesse': 8,
 'http://fr.dbpedia.org/resource/Champ_électromagnétique': 1,
 'http://fr.dbpedia.org/resource/Championnat_de_France_de_football_National': 6,
 'http://fr.dbpedia.org/resource/Championnat_de_France_de_hockey_sur_glace_2012-2013': 1,
 'http://fr.dbpedia.org/resource/Champsaur': 1,
 'http://fr.dbpedia.org/resource/Changement_climatique': 1,
 'http://fr.dbpedia.org/resource/Changé_(Mayenne)': 1,
 'http://fr.dbpedia.org/resource/Chantage': 1,
 'http://fr.dbpedia.org/resource/Chaînage': 1,
 'http://fr.dbpedia.org/resource/Cher_(département)': 4,
 'http://fr.dbpedia.org/resource/Chien': 2,
 'http://fr.dbpedia.org/resource/Chine': 1,
 'http://fr.dbpedia.org/resource/Chose_(comics)': 1,
 'http://fr.dbpedia.org/resource/Chromosome': 1,
 'http://fr.dbpedia.org/resource/Chronologie_de_la_guerre_franco-allemande_de_1870-1871': 1,
 'http://fr.dbpedia.org/resource/Ciblage': 1,
 'http://fr.dbpedia.org/resource/Classe_préparatoire_physique_et_chimie': 1,
 'http://fr.dbpedia.org/resource/Cloud_computing': 6,
 'http://fr.dbpedia.org/resource/Code_QR': 4,
 'http://fr.dbpedia.org/resource/Code_civil_(France)': 1,
 'http://fr.dbpedia.org/resource/Code_civil_du_Bas-Canada': 4,
 'http://fr.dbpedia.org/resource/Code_civil_suisse': 1,
 'http://fr.dbpedia.org/resource/Code_de_commerce': 1,
 'http://fr.dbpedia.org/resource/Code_de_justice_administrative': 1,
 "http://fr.dbpedia.org/resource/Code_de_l'organisation_judiciaire": 1,
 'http://fr.dbpedia.org/resource/Code_de_la_propriété_intellectuelle': 1,
 'http://fr.dbpedia.org/resource/Code_de_procédure_pénale_(France)': 1,
 'http://fr.dbpedia.org/resource/Code_général_des_collectivités_territoriales': 3,
 'http://fr.dbpedia.org/resource/Code_pénal_(France)': 2,
 'http://fr.dbpedia.org/resource/Code_électoral_(France)': 1,
 'http://fr.dbpedia.org/resource/Coffre-fort_numérique': 2,
 'http://fr.dbpedia.org/resource/Collège_de_France': 1,
 'http://fr.dbpedia.org/resource/Colonie_de_Virginie': 1,
 'http://fr.dbpedia.org/resource/Combinatoire': 1,
 "http://fr.dbpedia.org/resource/Comité_consultatif_national_d'éthique": 2,
 'http://fr.dbpedia.org/resource/Commerce_en_ligne': 1,
 'http://fr.dbpedia.org/resource/Commission_Juncker': 2,
 "http://fr.dbpedia.org/resource/Commission_d'accès_aux_documents_administratifs": 3,
 "http://fr.dbpedia.org/resource/Commission_nationale_de_l'informatique_et_des_libertés_(France)": 48,
 'http://fr.dbpedia.org/resource/Commonwealth': 1,
 'http://fr.dbpedia.org/resource/Communauté_de_communes': 3,
 'http://fr.dbpedia.org/resource/Compagnie_aérienne': 1,
 'http://fr.dbpedia.org/resource/Comparateur_de_prix': 1,
 'http://fr.dbpedia.org/resource/Compatible_PC': 1,
 "http://fr.dbpedia.org/resource/Composant_d'interface_graphique": 1,
 'http://fr.dbpedia.org/resource/Comptabilité': 1,
 'http://fr.dbpedia.org/resource/Comptabilité_analytique': 1,
 'http://fr.dbpedia.org/resource/Compte_personnel_de_formation': 1,
 'http://fr.dbpedia.org/resource/Conception_de_site_web': 1,
 'http://fr.dbpedia.org/resource/Conditionnel': 1,
 'http://fr.dbpedia.org/resource/Conditions_générales_de_vente': 1,
 'http://fr.dbpedia.org/resource/Confédération_des_petites_et_moyennes_entreprises': 1,
 "http://fr.dbpedia.org/resource/Conseil_d'État_(France)": 2,
 'http://fr.dbpedia.org/resource/Conseil_européen_de_la_recherche': 2,
 "http://fr.dbpedia.org/resource/Conseil_national_de_l'information_statistique": 1,
 'http://fr.dbpedia.org/resource/Conseil_national_du_numérique_(France)': 1,
 'http://fr.dbpedia.org/resource/Conseil_régional_(France)': 3,
 'http://fr.dbpedia.org/resource/Consonne_sourde': 1,
 "http://fr.dbpedia.org/resource/Consortium_international_des_journalistes_d'investigation": 1,
 'http://fr.dbpedia.org/resource/Constellation_de_satellites': 1,
 'http://fr.dbpedia.org/resource/Constitution': 5,
 'http://fr.dbpedia.org/resource/Constitution_française_du_4_octobre_1958': 1,
 'http://fr.dbpedia.org/resource/Construction': 1,
 'http://fr.dbpedia.org/resource/Contre-feux': 1,
 'http://fr.dbpedia.org/resource/Contrôle_Sécurité_Assistance': 1,
 'http://fr.dbpedia.org/resource/Convention_de_Montevideo': 1,
 'http://fr.dbpedia.org/resource/Convention_internationale': 1,
 'http://fr.dbpedia.org/resource/Convention_nationale': 1,
 'http://fr.dbpedia.org/resource/Coordination_nationale_infirmière': 1,
 'http://fr.dbpedia.org/resource/Copie_privée': 2,
 'http://fr.dbpedia.org/resource/Copyleft': 1,
 'http://fr.dbpedia.org/resource/Coran': 1,
 'http://fr.dbpedia.org/resource/Corinne_Bouchoux': 2,
 'http://fr.dbpedia.org/resource/Corpus_Inscriptionum_Latinarum': 1,
 'http://fr.dbpedia.org/resource/Cosmétique': 1,
 'http://fr.dbpedia.org/resource/Costa_Rica': 1,
 'http://fr.dbpedia.org/resource/Cotisations_sociales': 1,
 'http://fr.dbpedia.org/resource/Coucou': 1,
 "http://fr.dbpedia.org/resource/Cour_administrative_d'appel_de_Bordeaux": 1,
 'http://fr.dbpedia.org/resource/Cour_de_cassation_(France)': 2,
 "http://fr.dbpedia.org/resource/Cour_de_justice_de_l'Union_européenne": 3,
 'http://fr.dbpedia.org/resource/Cour_internationale_de_justice': 1,
 'http://fr.dbpedia.org/resource/Courants_porteurs_en_ligne': 1,
 'http://fr.dbpedia.org/resource/Courrier_électronique': 10,
 'http://fr.dbpedia.org/resource/Covoiturage': 1,
 'http://fr.dbpedia.org/resource/Coworking': 2,
 'http://fr.dbpedia.org/resource/Coût,_assurance_et_fret': 1,
 'http://fr.dbpedia.org/resource/Coût_marginal': 1,
 'http://fr.dbpedia.org/resource/Creative_Commons': 5,
 'http://fr.dbpedia.org/resource/Criteo': 1,
 'http://fr.dbpedia.org/resource/Cryptographie': 2,
 'http://fr.dbpedia.org/resource/Cryptologie': 2,
 'http://fr.dbpedia.org/resource/Création,_Public,_Internet': 2,
 'http://fr.dbpedia.org/resource/Cuivre': 7,
 'http://fr.dbpedia.org/resource/Culture_libre': 1,
 'http://fr.dbpedia.org/resource/Cyberattaque': 1,
 'http://fr.dbpedia.org/resource/Cybercrime': 2,
 'http://fr.dbpedia.org/resource/Cyberharcèlement': 1,
 'http://fr.dbpedia.org/resource/Côte_Fleurie': 1,
 "http://fr.dbpedia.org/resource/D'eux": 1,
 'http://fr.dbpedia.org/resource/DECT': 1,
 'http://fr.dbpedia.org/resource/DVD': 1,
 'http://fr.dbpedia.org/resource/Dailymotion': 1,
 'http://fr.dbpedia.org/resource/Danaïdes': 1,
 'http://fr.dbpedia.org/resource/Danemark': 2,
 'http://fr.dbpedia.org/resource/Data.gouv.fr': 3,
 'http://fr.dbpedia.org/resource/David_Van_Reybrouck': 1,
 'http://fr.dbpedia.org/resource/De_plein_fouet_(film,_1980)': 1,
 'http://fr.dbpedia.org/resource/Defendu': 1,
 'http://fr.dbpedia.org/resource/Degree_Confluence_Project': 2,
 'http://fr.dbpedia.org/resource/Dermatologie': 1,
 'http://fr.dbpedia.org/resource/Derrière_les_barreaux_(série_télévisée)': 1,
 'http://fr.dbpedia.org/resource/Devise_(monnaie)': 1,
 'http://fr.dbpedia.org/resource/Diabétologie': 1,
 'http://fr.dbpedia.org/resource/Diagnostic_de_performance_énergétique': 1,
 'http://fr.dbpedia.org/resource/Dieudonné': 1,
 'http://fr.dbpedia.org/resource/Digital_Object_Identifier': 1,
 'http://fr.dbpedia.org/resource/Digital_Radio_Mondiale': 1,
 'http://fr.dbpedia.org/resource/Digital_subscriber_line_access_multiplexer': 1,
 'http://fr.dbpedia.org/resource/Digitale': 2,
 'http://fr.dbpedia.org/resource/Diplôme_visé_(France)': 1,
 'http://fr.dbpedia.org/resource/Direction_départementale_de_la_Protection_des_populations': 1,
 'http://fr.dbpedia.org/resource/Direction_interministérielle_de_la_transformation_publique': 1,
 'http://fr.dbpedia.org/resource/Disclosure': 2,
 'http://fr.dbpedia.org/resource/Dispositif_de_concentration_de_poisson': 1,
 'http://fr.dbpedia.org/resource/Disque_compact': 2,
 'http://fr.dbpedia.org/resource/Disque_dur': 5,
 'http://fr.dbpedia.org/resource/Doctrine_McNamara': 1,
 'http://fr.dbpedia.org/resource/Document_technique_unifié': 1,
 'http://fr.dbpedia.org/resource/Domain_Name_System': 4,
 'http://fr.dbpedia.org/resource/Domaine_public_(propriété_intellectuelle)': 1,
 'http://fr.dbpedia.org/resource/Données_de_santé': 4,
 'http://fr.dbpedia.org/resource/Données_ouvertes': 19,
 'http://fr.dbpedia.org/resource/Données_personnelles': 1,
 "http://fr.dbpedia.org/resource/Droit_d'asile": 1,
 "http://fr.dbpedia.org/resource/Droit_d'usage": 1,
 'http://fr.dbpedia.org/resource/Droit_fiscal': 1,
 'http://fr.dbpedia.org/resource/Droit_moral': 2,
 'http://fr.dbpedia.org/resource/Droit_naturel': 1,
 'http://fr.dbpedia.org/resource/Droit_positif': 2,
 'http://fr.dbpedia.org/resource/Droit_pénal': 1,
 "http://fr.dbpedia.org/resource/Droit_à_l'image": 1,
 "http://fr.dbpedia.org/resource/Droit_à_l'information": 1,
 "http://fr.dbpedia.org/resource/Droit_à_l'oubli": 2,
 "http://fr.dbpedia.org/resource/Droits_de_l'homme": 1,
 'http://fr.dbpedia.org/resource/Du_contrat_social': 1,
 'http://fr.dbpedia.org/resource/Dune': 1,
 'http://fr.dbpedia.org/resource/Dégroupage': 2,
 'http://fr.dbpedia.org/resource/Délégation_de_service_public': 3,
 'http://fr.dbpedia.org/resource/Délégation_générale_à_la_langue_française_et_aux_langues_de_France': 1,
 'http://fr.dbpedia.org/resource/Délégué_à_la_protection_des_données': 2,
 'http://fr.dbpedia.org/resource/Dématérialisation': 1,
 'http://fr.dbpedia.org/resource/Démocratie_directe': 2,
 'http://fr.dbpedia.org/resource/Démocratie_participative': 4,
 'http://fr.dbpedia.org/resource/Département_français': 2,
 'http://fr.dbpedia.org/resource/Dépôt_légal': 2,
 'http://fr.dbpedia.org/resource/Désertification': 1,
 'http://fr.dbpedia.org/resource/Développement_de_logiciel': 1,
 'http://fr.dbpedia.org/resource/Développement_durable': 3,
 'http://fr.dbpedia.org/resource/E-réputation': 1,
 'http://fr.dbpedia.org/resource/EBay': 1,
 'http://fr.dbpedia.org/resource/Eau': 4,
 'http://fr.dbpedia.org/resource/Eau_potable': 2,
 'http://fr.dbpedia.org/resource/Ecma_International': 1,
 'http://fr.dbpedia.org/resource/Edna_Krapabelle': 1,
 'http://fr.dbpedia.org/resource/Edward_Snowden': 4,
 'http://fr.dbpedia.org/resource/Effet_de_réseau': 1,
 'http://fr.dbpedia.org/resource/Effet_rebond_(économie)': 1,
 'http://fr.dbpedia.org/resource/Efficacité_énergétique_(économie)': 1,
 'http://fr.dbpedia.org/resource/Electronic_Arts': 1,
 'http://fr.dbpedia.org/resource/Electronic_identification_and_trust_services': 2,
 'http://fr.dbpedia.org/resource/Embargo': 5,
 'http://fr.dbpedia.org/resource/Empreinte_carbone': 1,
 'http://fr.dbpedia.org/resource/Empreinte_digitale': 2,
 'http://fr.dbpedia.org/resource/En_ligne_et_hors-ligne': 2,
 'http://fr.dbpedia.org/resource/Enfant_du_numérique': 2,
 'http://fr.dbpedia.org/resource/Enquête_sociale_européenne': 2,
 'http://fr.dbpedia.org/resource/Enregistreur_de_vol': 1,
 'http://fr.dbpedia.org/resource/Entrepôt_de_données': 1,
 'http://fr.dbpedia.org/resource/Ergonomie': 5,
 'http://fr.dbpedia.org/resource/Espace_Libre': 1,
 'http://fr.dbpedia.org/resource/Espace_numérique_de_travail_(éducation)': 4,
 'http://fr.dbpedia.org/resource/Espace_public_numérique': 1,
 'http://fr.dbpedia.org/resource/Espace_unique_de_paiement_en_euros': 1,
 'http://fr.dbpedia.org/resource/Espionnage_industriel': 1,
 'http://fr.dbpedia.org/resource/Esport': 1,
 'http://fr.dbpedia.org/resource/Essonne_(département)': 1,
 'http://fr.dbpedia.org/resource/Estonie': 2,
 'http://fr.dbpedia.org/resource/Etalab': 1,
 'http://fr.dbpedia.org/resource/Euro': 1,
 'http://fr.dbpedia.org/resource/Europe': 10,
 'http://fr.dbpedia.org/resource/European_Spallation_Source': 1,
 'http://fr.dbpedia.org/resource/Exploration_de_données': 3,
 'http://fr.dbpedia.org/resource/Expresso': 1,
 'http://fr.dbpedia.org/resource/Expérience_utilisateur': 1,
 'http://fr.dbpedia.org/resource/Externalisation': 2,
 'http://fr.dbpedia.org/resource/Extranet': 1,
 'http://fr.dbpedia.org/resource/Fab_lab': 1,
 'http://fr.dbpedia.org/resource/Facebook': 14,
 'http://fr.dbpedia.org/resource/Falbala': 1,
 'http://fr.dbpedia.org/resource/Fanny_Price': 1,
 'http://fr.dbpedia.org/resource/Federal_Bureau_of_Investigation': 1,
 'http://fr.dbpedia.org/resource/Fibre_optique': 13,
 'http://fr.dbpedia.org/resource/Fichage_en_France': 6,
 'http://fr.dbpedia.org/resource/Fichier_texte': 1,
 'http://fr.dbpedia.org/resource/Fin_de_cycle': 1,
 'http://fr.dbpedia.org/resource/Finance_Watch': 1,
 'http://fr.dbpedia.org/resource/Firmware': 2,
 'http://fr.dbpedia.org/resource/Fitness': 1,
 'http://fr.dbpedia.org/resource/Flamand_de_France': 1,
 'http://fr.dbpedia.org/resource/Fleur_Pellerin': 2,
 'http://fr.dbpedia.org/resource/Fonction_de_hachage': 2,
 'http://fr.dbpedia.org/resource/Fonction_publique_française': 1,
 "http://fr.dbpedia.org/resource/Fonds_d'amortissement": 1,
 'http://fr.dbpedia.org/resource/Fonds_négocié_en_bourse': 1,
 'http://fr.dbpedia.org/resource/Format_fermé': 2,
 'http://fr.dbpedia.org/resource/Format_ouvert': 9,
 'http://fr.dbpedia.org/resource/Formation_à_distance': 1,
 'http://fr.dbpedia.org/resource/Fortran': 1,
 'http://fr.dbpedia.org/resource/Forum_romain': 1,
 "http://fr.dbpedia.org/resource/Forum_sur_la_gouvernance_de_l'internet": 1,
 'http://fr.dbpedia.org/resource/Forum_économique_mondial': 1,
 'http://fr.dbpedia.org/resource/Fouille_de_textes': 1,
 "http://fr.dbpedia.org/resource/Fournisseur_d'accès_à_Internet": 2,
 'http://fr.dbpedia.org/resource/Fournisseur_de_contenu': 1,
 'http://fr.dbpedia.org/resource/Fraiseuse': 1,
 'http://fr.dbpedia.org/resource/France': 103,
 'http://fr.dbpedia.org/resource/France.tv': 1,
 'http://fr.dbpedia.org/resource/France_3': 1,
 'http://fr.dbpedia.org/resource/France_Nature_Environnement': 1,
 'http://fr.dbpedia.org/resource/France_Télécom': 1,
 'http://fr.dbpedia.org/resource/France_Télévisions': 1,
 'http://fr.dbpedia.org/resource/Fransat': 1,
 'http://fr.dbpedia.org/resource/François_Michel_Le_Tellier_de_Louvois': 1,
 'http://fr.dbpedia.org/resource/Fraude_fiscale': 2,
 'http://fr.dbpedia.org/resource/Freedom_of_Information_Act': 2,
 'http://fr.dbpedia.org/resource/Freemium': 1,
 'http://fr.dbpedia.org/resource/Fromage': 1,
 'http://fr.dbpedia.org/resource/Fréquence_cardiaque': 1,
 'http://fr.dbpedia.org/resource/Fully_Automatic_Installation': 8,
 'http://fr.dbpedia.org/resource/Fédération_CINOV': 2,
 'http://fr.dbpedia.org/resource/Fédération_abolitionniste_internationale': 2,
 'http://fr.dbpedia.org/resource/Fédération_anarchiste_ibérique': 2,
 'http://fr.dbpedia.org/resource/Fédération_aéronautique_internationale': 1,
 'http://fr.dbpedia.org/resource/G29': 2,
 'http://fr.dbpedia.org/resource/GAFA': 2,
 'http://fr.dbpedia.org/resource/GAFAM': 3,
 'http://fr.dbpedia.org/resource/GNU': 1,
 'http://fr.dbpedia.org/resource/GNU_Privacy_Guard': 1,
 'http://fr.dbpedia.org/resource/Gabriel_Tarde': 1,
 'http://fr.dbpedia.org/resource/Gare_de_Die': 1,
 'http://fr.dbpedia.org/resource/Gatekeeper': 1,
 'http://fr.dbpedia.org/resource/Gendarmerie': 2,
 'http://fr.dbpedia.org/resource/Genre_grammatical': 8,
 'http://fr.dbpedia.org/resource/Genre_musical': 1,
 'http://fr.dbpedia.org/resource/Georges_Python': 1,
 'http://fr.dbpedia.org/resource/Gestionnaire_de_réseau_de_transport': 1,
 'http://fr.dbpedia.org/resource/Giga': 1,
 'http://fr.dbpedia.org/resource/Git': 1,
 'http://fr.dbpedia.org/resource/Glycémie': 1,
 'http://fr.dbpedia.org/resource/Gmail': 2,
 'http://fr.dbpedia.org/resource/Google': 21,
 'http://fr.dbpedia.org/resource/Google_Docs,_Sheets,_Slides_et_Forms': 1,
 'http://fr.dbpedia.org/resource/Google_Drive': 1,
 'http://fr.dbpedia.org/resource/Google_Now': 1,
 'http://fr.dbpedia.org/resource/Grand_prix_Sacem': 2,
 'http://fr.dbpedia.org/resource/Grande-Bretagne': 1,
 'http://fr.dbpedia.org/resource/Grande_distribution': 2,
 'http://fr.dbpedia.org/resource/Groupe_Flammarion': 1,
 'http://fr.dbpedia.org/resource/Groupe_paritaire_de_protection_sociale': 3,
 'http://fr.dbpedia.org/resource/Grès_(géologie)': 1,
 'http://fr.dbpedia.org/resource/Gère_(Isère)': 1,
 'http://fr.dbpedia.org/resource/Gévaudan': 1,
 'http://fr.dbpedia.org/resource/HADOPI': 4,
 'http://fr.dbpedia.org/resource/HAL': 2,
 'http://fr.dbpedia.org/resource/HONcode': 1,
 'http://fr.dbpedia.org/resource/HTTP_Strict_Transport_Security': 1,
 'http://fr.dbpedia.org/resource/Habitation_à_loyer_modéré': 2,
 'http://fr.dbpedia.org/resource/Hameçonnage': 2,
 'http://fr.dbpedia.org/resource/Harcelée': 1,
 'http://fr.dbpedia.org/resource/Harcèlement': 1,
 'http://fr.dbpedia.org/resource/Haute_Marche': 1,
 'http://fr.dbpedia.org/resource/Hector_Guimard': 1,
 "http://fr.dbpedia.org/resource/Henriette_d'Angleterre": 2,
 'http://fr.dbpedia.org/resource/Heure_en_Russie': 1,
 'http://fr.dbpedia.org/resource/Histoire': 12,
 'http://fr.dbpedia.org/resource/Histoire_de_la_Terre_du_Milieu': 2,
 'http://fr.dbpedia.org/resource/Histoire_des_sourds': 1,
 'http://fr.dbpedia.org/resource/Holisme': 1,
 'http://fr.dbpedia.org/resource/Holocephali': 1,
 'http://fr.dbpedia.org/resource/Homo_sapiens': 2,
 'http://fr.dbpedia.org/resource/Homothétie': 1,
 'http://fr.dbpedia.org/resource/Hotels.com': 1,
 'http://fr.dbpedia.org/resource/Humoriste': 1,
 'http://fr.dbpedia.org/resource/HyperText_Transfer_Protocol_Secure': 3,
 'http://fr.dbpedia.org/resource/Hypermarché': 1,
 'http://fr.dbpedia.org/resource/Hypertext_Markup_Language': 1,
 'http://fr.dbpedia.org/resource/Hétérosexualité': 1,
 'http://fr.dbpedia.org/resource/I2C': 1,
 'http://fr.dbpedia.org/resource/IBM_PC': 1,
 'http://fr.dbpedia.org/resource/IDATE_DigiWorld': 1,
 'http://fr.dbpedia.org/resource/IGN_(site_web)': 2,
 'http://fr.dbpedia.org/resource/IOS': 1,
 'http://fr.dbpedia.org/resource/IPad': 1,
 'http://fr.dbpedia.org/resource/IPv4': 3,
 'http://fr.dbpedia.org/resource/IPv6': 5,
 'http://fr.dbpedia.org/resource/Idiotisme': 13,
 'http://fr.dbpedia.org/resource/Illusion': 1,
 'http://fr.dbpedia.org/resource/Illustration': 1,
 'http://fr.dbpedia.org/resource/Image_de_soi': 1,
 'http://fr.dbpedia.org/resource/Imagerie_médicale': 1,
 'http://fr.dbpedia.org/resource/Imposition_en_France': 9,
 'http://fr.dbpedia.org/resource/Impression_3D': 5,
 'http://fr.dbpedia.org/resource/Impulsion_électromagnétique': 1,
 'http://fr.dbpedia.org/resource/Impôt': 7,
 'http://fr.dbpedia.org/resource/Impôt_de_solidarité_sur_la_fortune': 2,
 'http://fr.dbpedia.org/resource/Impôts_locaux_en_France': 1,
 'http://fr.dbpedia.org/resource/Incidence_(épidémiologie)': 4,
 'http://fr.dbpedia.org/resource/Inclusion_numérique': 1,
 'http://fr.dbpedia.org/resource/Inde': 1,
 'http://fr.dbpedia.org/resource/Individualisme': 1,
 'http://fr.dbpedia.org/resource/Industrie': 3,
 'http://fr.dbpedia.org/resource/Industrie_culturelle': 2,
 'http://fr.dbpedia.org/resource/Inflation': 1,
 'http://fr.dbpedia.org/resource/Infographie': 1,
 'http://fr.dbpedia.org/resource/Information_rights_management': 1,
 'http://fr.dbpedia.org/resource/Informatique': 67,
 'http://fr.dbpedia.org/resource/Informatisation': 1,
 'http://fr.dbpedia.org/resource/Institut_Montaigne': 4,
 "http://fr.dbpedia.org/resource/Institut_national_de_l'audiovisuel": 2,
 'http://fr.dbpedia.org/resource/Institut_national_de_la_propriété_industrielle': 1,
 'http://fr.dbpedia.org/resource/Institut_national_de_la_statistique_et_des_études_économiques': 6,
 'http://fr.dbpedia.org/resource/Institut_national_de_recherche_en_informatique_et_en_automatique': 4,
 "http://fr.dbpedia.org/resource/Institut_national_des_sciences_de_l'univers": 10,
 'http://fr.dbpedia.org/resource/Intelligence_artificielle': 3,
 'http://fr.dbpedia.org/resource/Intelligence_économique': 1,
 'http://fr.dbpedia.org/resource/Interactions_homme-machine': 1,
 'http://fr.dbpedia.org/resource/Interface_de_programmation': 3,
 'http://fr.dbpedia.org/resource/International_Standard_Serial_Number': 2,
 'http://fr.dbpedia.org/resource/Internet': 68,
 'http://fr.dbpedia.org/resource/Internet_Engineering_Task_Force': 1,
 'http://fr.dbpedia.org/resource/Internet_Explorer_9': 1,
 'http://fr.dbpedia.org/resource/Internet_Protocol': 5,
 'http://fr.dbpedia.org/resource/Internet_des_objets': 11,
 'http://fr.dbpedia.org/resource/Interopérabilité': 9,
 'http://fr.dbpedia.org/resource/Intranet': 5,
 'http://fr.dbpedia.org/resource/Invasion_turque_de_Chypre': 1,
 'http://fr.dbpedia.org/resource/Italie': 1,
 'http://fr.dbpedia.org/resource/Japon': 1,
 "http://fr.dbpedia.org/resource/Jeu_d'arcade": 4,
 'http://fr.dbpedia.org/resource/Jeu_vidéo': 13,
 'http://fr.dbpedia.org/resource/Jeuxvideo.com': 5,
 'http://fr.dbpedia.org/resource/Journal_télévisé': 1,
 'http://fr.dbpedia.org/resource/Journalisme': 3,
 'http://fr.dbpedia.org/resource/Journaliste': 2,
 'http://fr.dbpedia.org/resource/Julia_Reda': 1,
 'http://fr.dbpedia.org/resource/Justificatif_de_domicile': 1,
 'http://fr.dbpedia.org/resource/Khan': 1,
 'http://fr.dbpedia.org/resource/Kidding': 1,
 "http://fr.dbpedia.org/resource/L'Accompagnement": 4,
 "http://fr.dbpedia.org/resource/L'Augmentation": 3,
 "http://fr.dbpedia.org/resource/L'Envie": 1,
 "http://fr.dbpedia.org/resource/L'Espace_géographique": 1,
 "http://fr.dbpedia.org/resource/L'Illustration": 1,
 "http://fr.dbpedia.org/resource/L'Interdiction": 6,
 "http://fr.dbpedia.org/resource/L'Internaute": 10,
 "http://fr.dbpedia.org/resource/L'Oréal": 1,
 "http://fr.dbpedia.org/resource/L'Otage": 1,
 "http://fr.dbpedia.org/resource/L'Écart": 1,
 "http://fr.dbpedia.org/resource/La_Carte_d'identité": 1,
 'http://fr.dbpedia.org/resource/La_Croix': 1,
 'http://fr.dbpedia.org/resource/La_Distinction': 1,
 'http://fr.dbpedia.org/resource/La_Fabrique_(éditeur)': 1,
 'http://fr.dbpedia.org/resource/Laboratoire_de_biologie_médicale': 1,
 "http://fr.dbpedia.org/resource/Lanceur_d'alerte": 3,
 'http://fr.dbpedia.org/resource/Langage_de_balisage': 1,
 'http://fr.dbpedia.org/resource/Langage_parlé_complété': 1,
 'http://fr.dbpedia.org/resource/Lasagnes': 1,
 'http://fr.dbpedia.org/resource/Laser': 1,
 'http://fr.dbpedia.org/resource/Laïcité': 1,
 'http://fr.dbpedia.org/resource/Laïos': 1,
 'http://fr.dbpedia.org/resource/Le_Matin_(Suisse)': 1,
 'http://fr.dbpedia.org/resource/Le_Monde': 3,
 'http://fr.dbpedia.org/resource/Le_Photographe_(bande_dessinée)': 1,
 'http://fr.dbpedia.org/resource/Lenovo': 1,
 'http://fr.dbpedia.org/resource/Les_Lois': 1,
 'http://fr.dbpedia.org/resource/Les_Opérateurs': 9,
 'http://fr.dbpedia.org/resource/Les_Échos': 2,
 'http://fr.dbpedia.org/resource/Lesbianisme': 1,
 'http://fr.dbpedia.org/resource/Libertarianisme': 1,
 'http://fr.dbpedia.org/resource/Liberté,_Égalité,_Fraternité': 1,
 'http://fr.dbpedia.org/resource/Liberté_de_panorama': 2,
 'http://fr.dbpedia.org/resource/Librairie_générale_de_droit_et_de_jurisprudence': 1,
 'http://fr.dbpedia.org/resource/LibreOffice': 2,
 'http://fr.dbpedia.org/resource/Libre_accès_(édition_scientifique)': 6,
 'http://fr.dbpedia.org/resource/Libération_(journal)': 1,
 'http://fr.dbpedia.org/resource/Licence_Art_Libre': 1,
 'http://fr.dbpedia.org/resource/Licence_BSD': 2,
 'http://fr.dbpedia.org/resource/Licence_Creative_Commons': 1,
 'http://fr.dbpedia.org/resource/Licence_de_documentation_libre_GNU': 1,
 'http://fr.dbpedia.org/resource/Licence_globale': 1,
 'http://fr.dbpedia.org/resource/Licence_publique_générale_GNU': 1,
 'http://fr.dbpedia.org/resource/Ligne_D_du_tramway_de_Bordeaux': 1,
 'http://fr.dbpedia.org/resource/Ligne_D_du_tramway_de_Strasbourg': 3,
 'http://fr.dbpedia.org/resource/Lille': 1,
 'http://fr.dbpedia.org/resource/Limousins': 1,
 'http://fr.dbpedia.org/resource/Lingot': 1,
 'http://fr.dbpedia.org/resource/Linguistique': 1,
 'http://fr.dbpedia.org/resource/Linux': 15,
 'http://fr.dbpedia.org/resource/Liseuse': 1,
 'http://fr.dbpedia.org/resource/Liste_des_châteaux_du_Cantal': 1,
 "http://fr.dbpedia.org/resource/Liste_des_codes_pays_utilisés_par_l'OTAN": 1,
 'http://fr.dbpedia.org/resource/Lithium': 1,
 'http://fr.dbpedia.org/resource/Little_Big_Adventure': 1,
 'http://fr.dbpedia.org/resource/Livre_indisponible': 2,
 'http://fr.dbpedia.org/resource/Livre_numérique': 4,
 'http://fr.dbpedia.org/resource/Livret_de_famille': 2,
 'http://fr.dbpedia.org/resource/Logiciel_abandonné': 1,
 'http://fr.dbpedia.org/resource/Logiciel_antivirus': 2,
 'http://fr.dbpedia.org/resource/Logiciel_en_tant_que_service': 1,
 'http://fr.dbpedia.org/resource/Logiciel_espion': 1,
 'http://fr.dbpedia.org/resource/Logiciel_libre': 26,
 'http://fr.dbpedia.org/resource/Logiciel_malveillant': 1,
 'http://fr.dbpedia.org/resource/Logiciel_propriétaire': 3,
 'http://fr.dbpedia.org/resource/Logique_temporelle': 1,
 'http://fr.dbpedia.org/resource/Loi_78_(Québec)': 3,
 'http://fr.dbpedia.org/resource/Loi_Hamon': 2,
 'http://fr.dbpedia.org/resource/Loi_portant_nouvelle_organisation_territoriale_de_la_République': 1,
 'http://fr.dbpedia.org/resource/Londres': 1,
 'http://fr.dbpedia.org/resource/Longueur_de_clé': 1,
 'http://fr.dbpedia.org/resource/Louis_Pouzin': 1,
 'http://fr.dbpedia.org/resource/Low_cost': 1,
 'http://fr.dbpedia.org/resource/Lozer': 2,
 'http://fr.dbpedia.org/resource/Lozère_(département)': 2,
 'http://fr.dbpedia.org/resource/Lucienne_Heuvelmans': 1,
 'http://fr.dbpedia.org/resource/Lutte_anti-spam': 1,
 'http://fr.dbpedia.org/resource/Luxembourg': 1,
 'http://fr.dbpedia.org/resource/Légifrance': 1,
 'http://fr.dbpedia.org/resource/MAtv': 1,
 'http://fr.dbpedia.org/resource/MD5': 1,
 'http://fr.dbpedia.org/resource/MP3': 1,
 'http://fr.dbpedia.org/resource/MacOS': 1,
 'http://fr.dbpedia.org/resource/Macintosh': 1,
 'http://fr.dbpedia.org/resource/Macro-commande': 1,
 'http://fr.dbpedia.org/resource/Madame': 1,
 'http://fr.dbpedia.org/resource/Madame_Monsieur': 2,
 'http://fr.dbpedia.org/resource/Maggie_Simpson': 1,
 'http://fr.dbpedia.org/resource/Maison_départementale_des_personnes_handicapées': 1,
 'http://fr.dbpedia.org/resource/Maquette_numérique': 1,
 'http://fr.dbpedia.org/resource/Marché_gris': 1,
 'http://fr.dbpedia.org/resource/Marché_public': 1,
 'http://fr.dbpedia.org/resource/Marginales': 1,
 'http://fr.dbpedia.org/resource/Marketing': 1,
 'http://fr.dbpedia.org/resource/Marseille': 5,
 'http://fr.dbpedia.org/resource/Masse_critique_(réaction_nucléaire)': 1,
 'http://fr.dbpedia.org/resource/Mathieu_Valbuena': 1,
 'http://fr.dbpedia.org/resource/Messagerie_web': 10,
 'http://fr.dbpedia.org/resource/Michel_Bauwens': 1,
 'http://fr.dbpedia.org/resource/Micro-entrepreneur': 2,
 'http://fr.dbpedia.org/resource/Microsoft': 9,
 'http://fr.dbpedia.org/resource/Microsoft_Excel': 1,
 'http://fr.dbpedia.org/resource/Microsoft_Exchange_Server': 1,
 'http://fr.dbpedia.org/resource/Microsoft_Office': 1,
 'http://fr.dbpedia.org/resource/Microsoft_PowerPoint': 1,
 'http://fr.dbpedia.org/resource/Microsoft_Windows': 8,
 'http://fr.dbpedia.org/resource/Miguel_Hidalgo': 1,
 "http://fr.dbpedia.org/resource/Ministère_de_l'Information_(France)": 4,
 "http://fr.dbpedia.org/resource/Ministère_de_l'Éducation_nationale_(France)": 1,
 'http://fr.dbpedia.org/resource/Miss_Languedoc-Roussillon': 2,
 'http://fr.dbpedia.org/resource/Mnémotechnique': 1,
 'http://fr.dbpedia.org/resource/Modem': 1,
 'http://fr.dbpedia.org/resource/Monument_historique': 1,
 'http://fr.dbpedia.org/resource/Moodle': 1,
 'http://fr.dbpedia.org/resource/Mot_de_passe_(jeu_télévisé)': 1,
 'http://fr.dbpedia.org/resource/Moteur_de_recherche': 1,
 'http://fr.dbpedia.org/resource/Mouvement_international_de_la_Croix-Rouge_et_du_Croissant-Rouge': 1,
 'http://fr.dbpedia.org/resource/Mozilla_Application_Suite': 1,
 'http://fr.dbpedia.org/resource/Mozilla_Foundation': 1,
 'http://fr.dbpedia.org/resource/Multipurpose_Internet_Mail_Extensions': 1,
 'http://fr.dbpedia.org/resource/Mème': 1,
 'http://fr.dbpedia.org/resource/Média': 1,
 'http://fr.dbpedia.org/resource/Médiation_numérique': 9,
 'http://fr.dbpedia.org/resource/Métro': 1,
 'http://fr.dbpedia.org/resource/NIR': 4,
 'http://fr.dbpedia.org/resource/Naf': 1,
 'http://fr.dbpedia.org/resource/Naissance': 1,
 'http://fr.dbpedia.org/resource/Naruto': 1,
 'http://fr.dbpedia.org/resource/Nation': 2,
 'http://fr.dbpedia.org/resource/National_Center_for_Biotechnology_Information': 1,
 'http://fr.dbpedia.org/resource/National_Recreation_Area': 1,
 'http://fr.dbpedia.org/resource/National_Security_Agency': 1,
 'http://fr.dbpedia.org/resource/Navigateur_web': 1,
 'http://fr.dbpedia.org/resource/Neo_(Matrix)': 2,
 'http://fr.dbpedia.org/resource/Netscape_Communications': 1,
 'http://fr.dbpedia.org/resource/New_York_City_Department_of_City_Planning': 1,
 'http://fr.dbpedia.org/resource/New_York_University_School_of_Law': 1,
 'http://fr.dbpedia.org/resource/Nice': 1,
 'http://fr.dbpedia.org/resource/Nicolas_Seube': 1,
 'http://fr.dbpedia.org/resource/Nombril': 1,
 'http://fr.dbpedia.org/resource/Norme': 1,
 'http://fr.dbpedia.org/resource/NortonLifeLock': 1,
 'http://fr.dbpedia.org/resource/Nouvelle-Calédonie': 1,
 'http://fr.dbpedia.org/resource/Nouvelle_Vision': 1,
 'http://fr.dbpedia.org/resource/Nuage': 1,
 'http://fr.dbpedia.org/resource/Numericable': 2,
 'http://fr.dbpedia.org/resource/Négationnisme': 1,
 'http://fr.dbpedia.org/resource/Nœud_de_raccordement_optique': 1,
 'http://fr.dbpedia.org/resource/ODF': 1,
 "http://fr.dbpedia.org/resource/Obligation_d'information": 1,
 "http://fr.dbpedia.org/resource/Observatoire_de_l'eau": 1,
 'http://fr.dbpedia.org/resource/Obsolescence': 2,
 'http://fr.dbpedia.org/resource/Obsolescence_programmée': 3,
 'http://fr.dbpedia.org/resource/Office_national_du_film_du_Canada': 1,
 'http://fr.dbpedia.org/resource/Offshore_Leaks': 1,
 'http://fr.dbpedia.org/resource/Oise_(département)': 1,
 'http://fr.dbpedia.org/resource/Oligopole': 1,
 'http://fr.dbpedia.org/resource/Onde_électromagnétique': 4,
 'http://fr.dbpedia.org/resource/Ontario': 1,
 'http://fr.dbpedia.org/resource/OpenDataFrance': 3,
 'http://fr.dbpedia.org/resource/OpenSSL': 1,
 'http://fr.dbpedia.org/resource/OpenStreetMap': 1,
 'http://fr.dbpedia.org/resource/Open_source': 14,
 'http://fr.dbpedia.org/resource/Ophtalmologie': 1,
 'http://fr.dbpedia.org/resource/Opt_out': 1,
 'http://fr.dbpedia.org/resource/Optimisation_fiscale': 1,
 'http://fr.dbpedia.org/resource/Opus_citatum': 1,
 'http://fr.dbpedia.org/resource/Opérateur_de_marché': 1,
 'http://fr.dbpedia.org/resource/Opérateur_de_réseau_mobile': 1,
 'http://fr.dbpedia.org/resource/Opérateur_de_réseau_mobile_virtuel': 1,
 'http://fr.dbpedia.org/resource/Orchestre_philharmonique_de_Vienne': 1,
 'http://fr.dbpedia.org/resource/Ordinateur_personnel': 4,
 'http://fr.dbpedia.org/resource/Ordre_administratif_en_France': 1,
 'http://fr.dbpedia.org/resource/Ordre_public': 2,
 'http://fr.dbpedia.org/resource/Ordres_de_grandeur_de_durée': 1,
 'http://fr.dbpedia.org/resource/Organisation_de_coopération_et_de_développement_économiques': 2,
 'http://fr.dbpedia.org/resource/Organisation_internationale_de_la_vigne_et_du_vin': 1,
 'http://fr.dbpedia.org/resource/Organisation_internationale_de_normalisation': 8,
 'http://fr.dbpedia.org/resource/Organisation_mondiale_de_la_santé': 1,
 'http://fr.dbpedia.org/resource/Organisation_non_gouvernementale_environnementale': 1,
 'http://fr.dbpedia.org/resource/Organisation_territoriale_de_la_France': 2,
 'http://fr.dbpedia.org/resource/Organisme_de_placement_collectif_en_valeurs_mobilières': 1,
 'http://fr.dbpedia.org/resource/Organisme_génétiquement_modifié': 2,
 'http://fr.dbpedia.org/resource/Ossuaire': 1,
 'http://fr.dbpedia.org/resource/Ostéogenèse': 1,
 'http://fr.dbpedia.org/resource/Oural': 1,
 'http://fr.dbpedia.org/resource/Ouverture_numérique': 1,
 'http://fr.dbpedia.org/resource/Oxford_University_Press': 1,
 'http://fr.dbpedia.org/resource/P2P_anonyme': 1,
 'http://fr.dbpedia.org/resource/POSIX': 1,
 'http://fr.dbpedia.org/resource/PRISM': 1,
 'http://fr.dbpedia.org/resource/PROTECT_IP_Act': 1,
 'http://fr.dbpedia.org/resource/PSI': 1,
 'http://fr.dbpedia.org/resource/Pacte_civil_de_solidarité': 1,
 'http://fr.dbpedia.org/resource/Pair_à_pair': 2,
 'http://fr.dbpedia.org/resource/Paradis_fiscal': 1,
 'http://fr.dbpedia.org/resource/Paris': 4,
 'http://fr.dbpedia.org/resource/Parla': 1,
 'http://fr.dbpedia.org/resource/Parlement': 3,
 'http://fr.dbpedia.org/resource/Parlement_de_Catalogne': 1,
 'http://fr.dbpedia.org/resource/Parlement_européen': 3,
 'http://fr.dbpedia.org/resource/Parti_carliste_(1970)': 1,
 'http://fr.dbpedia.org/resource/Pascal_Obispo': 1,
 'http://fr.dbpedia.org/resource/PayPal': 1,
 'http://fr.dbpedia.org/resource/Pays-Bas': 1,
 'http://fr.dbpedia.org/resource/Permis_de_conduire': 5,
 'http://fr.dbpedia.org/resource/Persone': 2,
 'http://fr.dbpedia.org/resource/Personnages_de_Sonic_the_Hedgehog': 4,
 'http://fr.dbpedia.org/resource/Petite_ou_moyenne_entreprise': 6,
 'http://fr.dbpedia.org/resource/Philippe_Pinel': 1,
 'http://fr.dbpedia.org/resource/Philosophie_morale': 6,
 'http://fr.dbpedia.org/resource/Photographie': 2,
 'http://fr.dbpedia.org/resource/Placement_de_produit': 1,
 'http://fr.dbpedia.org/resource/Plan_International': 2,
 'http://fr.dbpedia.org/resource/Plate-forme_Java': 1,
 'http://fr.dbpedia.org/resource/Plugin': 1,
 'http://fr.dbpedia.org/resource/Pointe_du_Millier': 1,
 'http://fr.dbpedia.org/resource/Poitiers': 1,
 'http://fr.dbpedia.org/resource/Poker': 1,
 'http://fr.dbpedia.org/resource/Policier': 2,
 'http://fr.dbpedia.org/resource/Politique': 2,
 'http://fr.dbpedia.org/resource/Portable_Document_Format': 2,
 'http://fr.dbpedia.org/resource/Premier_ministre': 3,
 'http://fr.dbpedia.org/resource/Pression_moyenne_effective': 1,
 'http://fr.dbpedia.org/resource/Prestation_compensatoire': 1,
 'http://fr.dbpedia.org/resource/Pretty_Good_Privacy': 1,
 'http://fr.dbpedia.org/resource/Principe_de_précaution': 3,
 'http://fr.dbpedia.org/resource/Principe_de_subsidiarité': 1,
 'http://fr.dbpedia.org/resource/Prise_de_vue_photographique': 1,
 'http://fr.dbpedia.org/resource/Processeur': 2,
 'http://fr.dbpedia.org/resource/Processeur_de_bande_de_base': 1,
 "http://fr.dbpedia.org/resource/Procédures_civiles_d'exécution_en_France": 1,
 'http://fr.dbpedia.org/resource/Produit_intérieur_brut': 2,
 'http://fr.dbpedia.org/resource/Professeur_certifié': 1,
 'http://fr.dbpedia.org/resource/Profession_réglementée': 1,
 'http://fr.dbpedia.org/resource/Programmation_informatique': 1,
 'http://fr.dbpedia.org/resource/Programme_informatique': 1,
 'http://fr.dbpedia.org/resource/Proie_facile': 1,
 'http://fr.dbpedia.org/resource/Propriété_intellectuelle': 24,
 'http://fr.dbpedia.org/resource/Prospective': 1,
 'http://fr.dbpedia.org/resource/Protocole_de_communication': 1,
 'http://fr.dbpedia.org/resource/Public_(magazine)': 1,
 'http://fr.dbpedia.org/resource/Pyrénées': 1,
 'http://fr.dbpedia.org/resource/Pythagore': 1,
 'http://fr.dbpedia.org/resource/Pédagogie': 2,
 'http://fr.dbpedia.org/resource/Péréquation': 1,
 'http://fr.dbpedia.org/resource/Pôle_emploi': 3,
 'http://fr.dbpedia.org/resource/Quadrige': 1,
 'http://fr.dbpedia.org/resource/Quaero': 1,
 'http://fr.dbpedia.org/resource/Quater': 2,
 'http://fr.dbpedia.org/resource/Quelque_chose_à_cacher': 1,
 'http://fr.dbpedia.org/resource/Quéguiner_Matériaux': 1,
 'http://fr.dbpedia.org/resource/Qwant': 2,
 'http://fr.dbpedia.org/resource/Rabat': 1,
 'http://fr.dbpedia.org/resource/Rad_(ancienne_unité)': 1,
 'http://fr.dbpedia.org/resource/Radio_France': 1,
 'http://fr.dbpedia.org/resource/Radiographie': 1,
 'http://fr.dbpedia.org/resource/Rakuten_France': 1,
 'http://fr.dbpedia.org/resource/Recours_en_cassation': 1,
 'http://fr.dbpedia.org/resource/Red_Hat': 1,
 'http://fr.dbpedia.org/resource/Redevance_audiovisuelle': 2,
 'http://fr.dbpedia.org/resource/Registre_parcellaire_graphique': 1,
 'http://fr.dbpedia.org/resource/Rende_(Italie)': 2,
 'http://fr.dbpedia.org/resource/Renseignement': 3,
 'http://fr.dbpedia.org/resource/Renseignements_téléphoniques': 1,
 'http://fr.dbpedia.org/resource/Renvoi_préjudiciel': 1,
 'http://fr.dbpedia.org/resource/Rescrit': 1,
 'http://fr.dbpedia.org/resource/Responsabilité_sociétale': 1,
 'http://fr.dbpedia.org/resource/Ressource_continue': 1,
 'http://fr.dbpedia.org/resource/Ressource_hydrique': 1,
 'http://fr.dbpedia.org/resource/Restauration_rapide': 1,
 'http://fr.dbpedia.org/resource/Revenu_de_base': 2,
 'http://fr.dbpedia.org/resource/Revenu_de_solidarité_active': 1,
 'http://fr.dbpedia.org/resource/Revivre_(mini-série)': 1,
 'http://fr.dbpedia.org/resource/Revue_scientifique': 3,
 'http://fr.dbpedia.org/resource/Rich_Text_Format': 1,
 'http://fr.dbpedia.org/resource/Risqué': 1,
 'http://fr.dbpedia.org/resource/Roissy-en-France': 1,
 'http://fr.dbpedia.org/resource/Roman_Inscriptions_of_Britain': 1,
 'http://fr.dbpedia.org/resource/Roms': 1,
 'http://fr.dbpedia.org/resource/Roumanie': 1,
 'http://fr.dbpedia.org/resource/Routage': 2,
 'http://fr.dbpedia.org/resource/Routeur': 2,
 'http://fr.dbpedia.org/resource/Royal_Glasgow_Institute_of_the_Fine_Arts': 2,
 'http://fr.dbpedia.org/resource/Royaume-Uni': 4,
 'http://fr.dbpedia.org/resource/Ruby': 1,
 'http://fr.dbpedia.org/resource/Rue89': 1,
 'http://fr.dbpedia.org/resource/Russie': 2,
 'http://fr.dbpedia.org/resource/Référendum': 4,
 'http://fr.dbpedia.org/resource/Réseau_FTTH': 5,
 'http://fr.dbpedia.org/resource/Réseau_de_téléphonie_mobile': 2,
 'http://fr.dbpedia.org/resource/Réseau_informatique': 1,
 'http://fr.dbpedia.org/resource/Réseau_privé_virtuel': 1,
 'http://fr.dbpedia.org/resource/Réseau_téléphonique_commuté': 1,
 'http://fr.dbpedia.org/resource/Résilience_(écologie)': 1,
 'http://fr.dbpedia.org/resource/Rétinopathie_diabétique': 1,
 'http://fr.dbpedia.org/resource/Réversibilité_thermodynamique': 1,
 'http://fr.dbpedia.org/resource/Révolution_française': 1,
 'http://fr.dbpedia.org/resource/SFR': 1,
 'http://fr.dbpedia.org/resource/SIG': 1,
 'http://fr.dbpedia.org/resource/SSD': 1,
 'http://fr.dbpedia.org/resource/SS_Leviathan': 1,
 'http://fr.dbpedia.org/resource/SWIFT': 1,
 'http://fr.dbpedia.org/resource/Saclay': 1,
 'http://fr.dbpedia.org/resource/Safe_Harbor': 2,
 'http://fr.dbpedia.org/resource/Saint-Malo': 1,
 'http://fr.dbpedia.org/resource/Saint-Piat': 2,
 'http://fr.dbpedia.org/resource/Samoa': 1,
 'http://fr.dbpedia.org/resource/San_Francisco': 1,
 'http://fr.dbpedia.org/resource/Seconde_Guerre_mondiale': 12,
 'http://fr.dbpedia.org/resource/Secret_défense': 1,
 'http://fr.dbpedia.org/resource/Secret_industriel': 2,
 'http://fr.dbpedia.org/resource/Secret_professionnel': 1,
 'http://fr.dbpedia.org/resource/Secrétariat_général_de_la_Défense_et_de_la_Sécurité_nationale': 2,
 'http://fr.dbpedia.org/resource/Section_4': 1,
 'http://fr.dbpedia.org/resource/Security_Intelligence_Service': 1,
 'http://fr.dbpedia.org/resource/Seine-et-Marne': 10,
 'http://fr.dbpedia.org/resource/Sel_alimentaire': 1,
 'http://fr.dbpedia.org/resource/Serveur_vidéo': 1,
 'http://fr.dbpedia.org/resource/Serveur_web': 1,
 'http://fr.dbpedia.org/resource/Service-public.fr': 1,
 "http://fr.dbpedia.org/resource/Service_d'aide_médicale_urgente": 2,
 "http://fr.dbpedia.org/resource/Service_d'intérêt_général": 1,
 'http://fr.dbpedia.org/resource/Service_public': 2,
 'http://fr.dbpedia.org/resource/Service_universel_postal': 1,
 'http://fr.dbpedia.org/resource/Service_web': 2,
 'http://fr.dbpedia.org/resource/Services_non_marchands': 1,
 'http://fr.dbpedia.org/resource/Sextape': 1,
 'http://fr.dbpedia.org/resource/Sienne': 1,
 'http://fr.dbpedia.org/resource/Signature_numérique': 3,
 'http://fr.dbpedia.org/resource/Silicium': 1,
 'http://fr.dbpedia.org/resource/Silver_économie': 1,
 'http://fr.dbpedia.org/resource/Singapour': 1,
 'http://fr.dbpedia.org/resource/Skype': 2,
 'http://fr.dbpedia.org/resource/Smartphone': 11,
 'http://fr.dbpedia.org/resource/Sociologie': 1,
 'http://fr.dbpedia.org/resource/Société_belge_des_auteurs,_compositeurs_et_éditeurs': 1,
 'http://fr.dbpedia.org/resource/Société_nationale_des_chemins_de_fer_français': 2,
 'http://fr.dbpedia.org/resource/SolidWorks': 1,
 'http://fr.dbpedia.org/resource/Solidarité_républicaine': 1,
 'http://fr.dbpedia.org/resource/Souris': 1,
 'http://fr.dbpedia.org/resource/Sport': 1,
 'http://fr.dbpedia.org/resource/Stade_de_France': 1,
 'http://fr.dbpedia.org/resource/Start-up': 4,
 'http://fr.dbpedia.org/resource/Stop_Online_Piracy_Act': 1,
 'http://fr.dbpedia.org/resource/Stéréotype': 1,
 "http://fr.dbpedia.org/resource/Subdivisions_de_l'Albanie": 4,
 'http://fr.dbpedia.org/resource/Sui_generis': 1,
 'http://fr.dbpedia.org/resource/Suite_bureautique': 1,
 'http://fr.dbpedia.org/resource/Surgélation': 1,
 "http://fr.dbpedia.org/resource/Système_d'information": 1,
 'http://fr.dbpedia.org/resource/Système_de_gestion_de_contenu': 1,
 'http://fr.dbpedia.org/resource/Système_de_traitement_automatisé_de_données': 2,
 "http://fr.dbpedia.org/resource/Système_national_d'identification_et_du_répertoire_des_entreprises_et_de_leurs_établissements": 1,
 'http://fr.dbpedia.org/resource/Système_éducatif_en_France': 1,
 'http://fr.dbpedia.org/resource/Sémantique': 3,
 'http://fr.dbpedia.org/resource/Sénat_(France)': 5,
 "http://fr.dbpedia.org/resource/Sénateurs_d'Ottawa": 1,
 'http://fr.dbpedia.org/resource/Sésamath': 1,
 'http://fr.dbpedia.org/resource/Sévères': 1,
 'http://fr.dbpedia.org/resource/Sûreté_nucléaire': 1,
 'http://fr.dbpedia.org/resource/Süddeutsche_Zeitung': 1,
 'http://fr.dbpedia.org/resource/TER_Bretagne': 1,
 'http://fr.dbpedia.org/resource/TER_Nord-Pas-de-Calais': 1,
 'http://fr.dbpedia.org/resource/TGV': 2,
 'http://fr.dbpedia.org/resource/Tableur': 1,
 'http://fr.dbpedia.org/resource/Tarif_de_première_nécessité': 1,
 'http://fr.dbpedia.org/resource/Tarot': 1,
 "http://fr.dbpedia.org/resource/Taxe_d'apprentissage": 1,
 "http://fr.dbpedia.org/resource/Taxe_d'habitation": 3,
 'http://fr.dbpedia.org/resource/Taxe_foncière': 1,
 'http://fr.dbpedia.org/resource/Taxe_sur_la_valeur_ajoutée': 1,
 'http://fr.dbpedia.org/resource/Tchernobyl': 1,
 'http://fr.dbpedia.org/resource/Technicien_en_identification_criminelle': 2,
 'http://fr.dbpedia.org/resource/Technologie_financière': 1,
 'http://fr.dbpedia.org/resource/Telediario': 1,
 'http://fr.dbpedia.org/resource/Temps_X': 1,
 'http://fr.dbpedia.org/resource/Terre_rare': 1,
 'http://fr.dbpedia.org/resource/Terrorisme': 2,
 'http://fr.dbpedia.org/resource/Texte': 1,
 'http://fr.dbpedia.org/resource/Thalys': 1,
 'http://fr.dbpedia.org/resource/The_Guardian': 1,
 'http://fr.dbpedia.org/resource/The_S.O.S._Band': 1,
 'http://fr.dbpedia.org/resource/The_Source_(magazine)': 1,
 'http://fr.dbpedia.org/resource/Thomas_Bowdler': 1,
 'http://fr.dbpedia.org/resource/Thomas_Hobbes': 1,
 'http://fr.dbpedia.org/resource/Tiers_de_confiance': 2,
 'http://fr.dbpedia.org/resource/Titre_professionnel': 1,
 'http://fr.dbpedia.org/resource/Titre_restaurant': 1,
 'http://fr.dbpedia.org/resource/Tortola': 1,
 'http://fr.dbpedia.org/resource/Total_Annihilation': 1,
 'http://fr.dbpedia.org/resource/Toulouse': 1,
 'http://fr.dbpedia.org/resource/Transactions_à_haute_fréquence': 1,
 'http://fr.dbpedia.org/resource/Transfert_de_compétence': 1,
 'http://fr.dbpedia.org/resource/Transition_énergétique': 2,
 'http://fr.dbpedia.org/resource/Traçabilité': 1,
 'http://fr.dbpedia.org/resource/Tribunal_de_commerce_de_Paris': 1,
 'http://fr.dbpedia.org/resource/Tribunal_judiciaire_de_Paris': 1,
 'http://fr.dbpedia.org/resource/TripAdvisor': 1,
 'http://fr.dbpedia.org/resource/Twitter': 3,
 'http://fr.dbpedia.org/resource/Télémédecine': 1,
 'http://fr.dbpedia.org/resource/Téléphonie_fixe': 1,
 'http://fr.dbpedia.org/resource/Téléphonie_mobile': 6,
 'http://fr.dbpedia.org/resource/Télévision': 10,
 'http://fr.dbpedia.org/resource/Télévision_numérique_terrestre_en_France': 1,
 'http://fr.dbpedia.org/resource/UBlock_Origin': 1,
 'http://fr.dbpedia.org/resource/UCI_Europe_Tour_2014': 1,
 'http://fr.dbpedia.org/resource/USA_Hockey': 1,
 'http://fr.dbpedia.org/resource/USB': 1,
 'http://fr.dbpedia.org/resource/Ubisoft': 1,
 "http://fr.dbpedia.org/resource/Ubuntu_(système_d'exploitation)": 1,
 'http://fr.dbpedia.org/resource/Ubérisation': 2,
 'http://fr.dbpedia.org/resource/Uniform_Resource_Locator': 2,
 "http://fr.dbpedia.org/resource/Union_de_recouvrement_des_cotisations_de_sécurité_sociale_et_d'allocations_familiales": 1,
 'http://fr.dbpedia.org/resource/Union_européenne': 14,
 'http://fr.dbpedia.org/resource/United_States_Navy': 2,
 'http://fr.dbpedia.org/resource/Unix': 1,
 'http://fr.dbpedia.org/resource/Uplay': 1,
 'http://fr.dbpedia.org/resource/Usera': 1,
 'http://fr.dbpedia.org/resource/VDSL2': 3,
 'http://fr.dbpedia.org/resource/Validé': 3,
 'http://fr.dbpedia.org/resource/Venom_Snake': 2,
 'http://fr.dbpedia.org/resource/Vente_liée': 2,
 'http://fr.dbpedia.org/resource/Verdun': 1,
 'http://fr.dbpedia.org/resource/Verisign': 1,
 'http://fr.dbpedia.org/resource/Ville_intelligente': 2,
 'http://fr.dbpedia.org/resource/Virginia_Woolf': 1,
 'http://fr.dbpedia.org/resource/Virtualisation': 1,
 "http://fr.dbpedia.org/resource/Visa_d'exploitation": 1,
 'http://fr.dbpedia.org/resource/Visioconférence': 1,
 'http://fr.dbpedia.org/resource/Vitales': 2,
 'http://fr.dbpedia.org/resource/Voix_sur_IP': 1,
 'http://fr.dbpedia.org/resource/Vote_électronique': 3,
 'http://fr.dbpedia.org/resource/Vulnérabilité_(informatique)': 1,
 'http://fr.dbpedia.org/resource/Wanadoo': 1,
 'http://fr.dbpedia.org/resource/Webmarketing': 2,
 'http://fr.dbpedia.org/resource/Webradio': 1,
 'http://fr.dbpedia.org/resource/Wi-Fi': 3,
 'http://fr.dbpedia.org/resource/WiMAX': 1,
 'http://fr.dbpedia.org/resource/William_Shakespeare': 1,
 'http://fr.dbpedia.org/resource/Windows_98': 1,
 'http://fr.dbpedia.org/resource/Windows_Phone': 1,
 'http://fr.dbpedia.org/resource/Windows_Vista': 1,
 'http://fr.dbpedia.org/resource/World_Wide_Web': 2,
 'http://fr.dbpedia.org/resource/World_Wide_Web_Consortium': 1,
 'http://fr.dbpedia.org/resource/Yasni': 1,
 'http://fr.dbpedia.org/resource/YouTube': 2,
 'http://fr.dbpedia.org/resource/ZDNet': 1,
 'http://fr.dbpedia.org/resource/À_cœur_joie_(association)': 1,
 'http://fr.dbpedia.org/resource/Échelle_de_performance': 1,
 'http://fr.dbpedia.org/resource/Économie_collaborative': 1,
 'http://fr.dbpedia.org/resource/Économie_numérique': 14,
 'http://fr.dbpedia.org/resource/Économie_sociale': 4,
 'http://fr.dbpedia.org/resource/Économie_souterraine': 1,
 'http://fr.dbpedia.org/resource/Économique_(Xénophon)': 1,
 'http://fr.dbpedia.org/resource/Économiste': 1,
 'http://fr.dbpedia.org/resource/Écosystème': 9,
 'http://fr.dbpedia.org/resource/Éditeur_de_jeux_vidéo': 1,
 'http://fr.dbpedia.org/resource/Éditions_IMHO': 1,
 'http://fr.dbpedia.org/resource/Éducation_civique': 2,
 'http://fr.dbpedia.org/resource/Éducation_populaire': 1,
 'http://fr.dbpedia.org/resource/Égout': 1,
 'http://fr.dbpedia.org/resource/Électricité_de_France': 1,
 'http://fr.dbpedia.org/resource/Énergie_nucléaire': 1,
 'http://fr.dbpedia.org/resource/Épargne': 1,
 'http://fr.dbpedia.org/resource/Établissement_public_de_coopération_intercommunale': 1,
 'http://fr.dbpedia.org/resource/État_plateforme': 1,
 'http://fr.dbpedia.org/resource/États-Unis': 1,
 'http://fr.dbpedia.org/resource/Étrier_(équitation)': 1,
 "http://fr.dbpedia.org/resource/Étude_d'impact": 2,
 'http://fr.dbpedia.org/resource/Étude_européenne_prospective_sur_le_cancer_et_la_nutrition': 1,
 'http://fr.dbpedia.org/resource/Études_supérieures': 3,
 'http://fr.dbpedia.org/resource/Évaluation_par_les_pairs': 2,
 'http://fr.dbpedia.org/resource/Îles_Cook': 1,
 'http://fr.dbpedia.org/resource/Îles_Vierges_britanniques': 1}